13:35:29 {"code":"0001","info":"read successfully"} 
13:35:29 {"code":"0001","info":"read successfully"} 
13:35:29 {"code":"0001","info":"read successfully"} 
13:36:46 {"code":"0001","info":"read successfully"} 
13:36:46 {"code":"0001","info":"read successfully"} 
13:36:46 {"code":"0001","info":"read successfully"} 
13:36:46 {"code":"0001","info":"create successfully"} 
13:36:46 {"code":"0001","info":"read successfully"} 
14:5:47 {"code":"0001","info":"read successfully"} 
14:5:47 {"code":"0001","info":"read successfully"} 
15:0:15 {"code":"0001","info":"read successfully"} 
15:0:15 {"code":"0001","info":"read successfully"} 
15:0:15 {"code":"0001","info":"read successfully"} 
15:3:7 {"code":"0001","info":"read successfully"} 
15:3:7 {"code":"0001","info":"read successfully"} 
15:3:7 {"code":"0001","info":"read successfully"} 
15:3:7 {"code":"0001","info":"read successfully"} 
15:3:7 {"code":"0001","info":"read successfully"} 
15:3:7 {"code":"0001","info":"read successfully"} 
15:3:7 {"code":"0001","info":"read successfully"} 
15:3:7 {"code":"0001","info":"read successfully"} 
15:3:7 {"code":"0001","info":"read successfully"} 
15:3:7 {"code":"0001","info":"read successfully"} 
15:3:7 {"code":"0001","info":"read successfully"} 
15:3:7 {"code":"0001","info":"read successfully"} 
15:3:7 {"code":"0001","info":"read successfully"} 
15:3:7 {"code":"0001","info":"read successfully"} 
15:3:7 {"code":"0001","info":"read successfully"} 
15:3:7 {"code":"0001","info":"read successfully"} 
15:9:48 {"code":"0001","info":"create successfully"} 
15:9:48 {"code":"0001","info":"read successfully"} 
15:9:48 {"code":"0001","info":"read successfully"} 
15:9:48 {"code":"0001","info":"read successfully"} 
15:9:48 {"code":"0001","info":"read successfully"} 
15:9:48 {"code":"0001","info":"read successfully"} 
15:9:48 {"code":"0001","info":"read successfully"} 
15:9:48 {"code":"0001","info":"read successfully"} 
15:9:48 {"code":"0001","info":"read successfully"} 
15:9:48 {"code":"0001","info":"read successfully"} 
15:9:48 {"code":"0001","info":"read successfully"} 
15:9:48 {"code":"0001","info":"read successfully"} 
15:9:48 {"code":"0001","info":"read successfully"} 
15:9:48 {"code":"0001","info":"read successfully"} 
15:9:48 {"code":"0001","info":"read successfully"} 
15:9:48 {"code":"0001","info":"read successfully"} 
15:9:48 {"code":"0001","info":"read successfully"} 
15:9:48 {"code":"0001","info":"read successfully"} 
15:9:48 {"code":"0001","info":"read successfully"} 
15:9:48 {"code":"0001","info":"read successfully"} 
15:15:59 {"code":"0001","info":"read successfully"} 
15:15:59 {"code":"0001","info":"read successfully"} 
15:15:59 {"code":"0001","info":"read successfully"} 
15:15:59 {"code":"0001","info":"read successfully"} 
15:15:59 {"code":"0001","info":"read successfully"} 
15:15:59 {"code":"0001","info":"read successfully"} 
15:15:59 {"code":"0001","info":"read successfully"} 
15:15:59 {"code":"0001","info":"read successfully"} 
15:15:59 {"code":"0001","info":"read successfully"} 
15:15:59 {"code":"0001","info":"read successfully"} 
15:15:59 {"code":"0001","info":"read successfully"} 
15:15:59 {"code":"0001","info":"read successfully"} 
15:15:59 {"code":"0001","info":"read successfully"} 
15:19:58 {"code":"0001","info":"read successfully"} 
15:19:58 {"code":"0001","info":"read successfully"} 
15:19:58 {"code":"0001","info":"read successfully"} 
15:19:58 {"code":"0001","info":"read successfully"} 
15:19:58 {"code":"0001","info":"read successfully"} 
15:19:58 {"code":"0001","info":"read successfully"} 
15:19:58 {"code":"0001","info":"read successfully"} 
15:19:58 {"code":"0001","info":"read successfully"} 
15:19:58 {"code":"0001","info":"read successfully"} 
15:19:58 {"code":"0001","info":"read successfully"} 
15:26:35 {"code":"0001","info":"read successfully"} 
15:31:30 {"code":"0001","info":"reset password successfully"} 
15:42:28 {"code":"0001","info":"read successfully"} 
15:42:28 {"code":"0001","info":"read successfully"} 
15:42:28 {"code":"0001","info":"reset password successfully"} 
15:42:28 {"code":"0001","info":"read successfully"} 
15:42:28 {"code":"0001","info":"read successfully"} 
15:42:28 {"code":"0001","info":"read successfully"} 
15:42:28 {"code":"0001","info":"read successfully"} 
15:42:28 {"code":"0001","info":"read successfully"} 
15:42:28 {"code":"0001","info":"read successfully"} 
15:42:28 {"code":"0001","info":"reset password successfully"} 
15:42:28 {"code":"0001","info":"read successfully"} 
15:42:28 {"code":"0001","info":"reset password successfully"} 
15:42:28 {"code":"0001","info":"read successfully"} 
15:42:28 {"code":"0001","info":"read successfully"} 
15:42:28 {"code":"0001","info":"reset password successfully"} 
15:42:28 {"code":"0001","info":"read successfully"} 
15:42:28 {"code":"0001","info":"read successfully"} 
15:42:28 {"code":"0001","info":"read successfully"} 
15:42:28 {"code":"0001","info":"read successfully"} 
15:42:28 {"code":"0001","info":"read successfully"} 
15:42:28 {"code":"0001","info":"read successfully"} 
15:42:28 {"code":"0001","info":"read successfully"} 
15:42:28 {"code":"0001","info":"read successfully"} 
15:42:28 {"code":"0001","info":"read successfully"} 
15:42:28 {"code":"0001","info":"read successfully"} 
15:42:28 {"code":"0001","info":"read successfully"} 
15:42:28 {"code":"0001","info":"read successfully"} 
15:42:28 {"code":"0001","info":"read successfully"} 
15:42:28 {"code":"0001","info":"reset password successfully"} 
15:42:28 {"code":"0001","info":"read successfully"} 
15:42:28 {"code":"0001","info":"read successfully"} 
15:42:28 {"code":"0001","info":"read successfully"} 
15:42:28 {"code":"0001","info":"read successfully"} 
15:42:28 {"code":"0001","info":"read successfully"} 
15:42:28 {"code":"0001","info":"read successfully"} 
15:42:28 {"code":"0001","info":"read successfully"} 
15:42:28 {"code":"0001","info":"read successfully"} 
15:42:28 {"code":"0001","info":"read successfully"} 
15:42:28 {"code":"0001","info":"read successfully"} 
15:42:28 {"code":"0001","info":"read successfully"} 
15:42:28 {"code":"0001","info":"read successfully"} 
15:42:28 {"code":"0001","info":"read successfully"} 
16:0:46 {"code":"0001","info":"read successfully"} 
16:0:46 {"code":"0001","info":"read successfully"} 
16:0:46 {"code":"0001","info":"read successfully"} 
16:0:46 {"code":"0001","info":"read successfully"} 
16:0:46 {"code":"0001","info":"read successfully"} 
16:0:46 {"code":"0001","info":"read successfully"} 
16:0:46 {"code":"0001","info":"read successfully"} 
16:0:46 {"code":"0001","info":"reset password successfully"} 
16:14:43 {"code":"0001","info":"reset password successfully"} 
16:18:10 {"code":"0001","info":"read successfully"} 
16:18:10 {"code":"0001","info":"read successfully"} 
16:18:10 {"code":"0001","info":"read successfully"} 
16:18:10 {"code":"0001","info":"disable account successfully"} 
16:18:10 {"code":"0001","info":"read successfully"} 
16:18:10 {"code":"0001","info":"reset password successfully"} 
16:18:10 {"code":"0001","info":"read successfully"} 
17:25:21 {"code":"GM","info":"read successfully"} 
17:25:21 {"code":"GM","info":"read successfully"} 
17:25:21 {"code":"GM","info":"read successfully"} 
