9:20:23 {"code":"GM","info":"read successfully"} 
9:20:23 {"code":"GM","info":"read successfully"} 
9:20:23 {"code":"GM","info":"read successfully"} 
9:20:23 {"code":"GM","info":"read successfully"} 
9:20:23 {"code":"GM","info":"read successfully"} 
9:20:23 {"code":"GM","info":"read successfully"} 
9:20:23 {"code":"GM","info":"read successfully"} 
9:20:23 {"code":"GM","info":"read successfully"} 
9:20:23 {"code":"GM","info":"read successfully"} 
9:20:23 {"code":"GM","info":"read successfully"} 
9:20:23 {"code":"GM","info":"read successfully"} 
9:20:23 {"code":"GM","info":"read successfully"} 
9:20:23 {"code":"GM","info":"read successfully"} 
9:20:23 {"code":"GM","info":"read successfully"} 
9:20:23 {"code":"GM","info":"read successfully"} 
9:20:23 {"code":"GM","info":"read successfully"} 
9:20:23 {"code":"GM","info":"read successfully"} 
9:20:23 {"code":"GM","info":"read successfully"} 
9:20:23 {"code":"GM","info":"read successfully"} 
9:20:23 {"code":"GM","info":"read successfully"} 
9:20:23 {"code":"GM","info":"read successfully"} 
9:20:23 {"code":"GM","info":"read successfully"} 
9:20:23 {"code":"GM","info":"read successfully"} 
9:20:23 {"code":"GM","info":"read successfully"} 
9:20:23 {"code":"GM","info":"read successfully"} 
9:20:23 {"code":"GM","info":"read successfully"} 
9:20:23 {"code":"GM","info":"read successfully"} 
9:20:23 {"code":"GM","info":"read successfully"} 
9:20:23 {"code":"GM","info":"read successfully"} 
9:20:23 {"code":"GM","info":"read successfully"} 
9:20:23 {"code":"GM","info":"read successfully"} 
9:20:23 {"code":"GM","info":"read successfully"} 
9:20:23 {"code":"GM","info":"read successfully"} 
9:20:23 {"code":"GM","info":"read successfully"} 
9:20:23 {"code":"GM","info":"read successfully"} 
9:20:23 {"code":"GM","info":"read successfully"} 
9:20:23 {"code":"GM","info":"read successfully"} 
9:20:23 {"code":"GM","info":"read successfully"} 
9:20:23 {"code":"GM","info":"read successfully"} 
9:20:23 {"code":"GM","info":"read successfully"} 
9:20:23 {"code":"GM","info":"read successfully"} 
9:20:23 {"code":"GM","info":"read successfully"} 
9:20:23 {"code":"GM","info":"read successfully"} 
9:20:23 {"code":"GM","info":"read successfully"} 
9:20:23 {"code":"GM","info":"read successfully"} 
9:20:23 {"code":"GM","info":"read successfully"} 
9:20:23 {"code":"GM","info":"read successfully"} 
9:20:23 {"code":"GM","info":"read successfully"} 
9:20:23 {"code":"GM","info":"read successfully"} 
9:20:23 {"code":"GM","info":"read successfully"} 
9:20:23 {"code":"GM","info":"read successfully"} 
9:20:23 {"code":"GM","info":"read successfully"} 
9:20:23 {"code":"GM","info":"read successfully"} 
9:20:23 {"code":"GM","info":"read successfully"} 
9:20:23 {"code":"GM","info":"read successfully"} 
9:20:23 {"code":"GM","info":"read successfully"} 
9:20:23 {"code":"GM","info":"read successfully"} 
9:20:23 {"code":"GM","info":"read successfully"} 
9:20:23 {"code":"GM","info":"read successfully"} 
9:20:23 {"code":"GM","info":"read successfully"} 
9:20:23 {"code":"GM","info":"read successfully"} 
9:20:23 {"code":"GM","info":"read successfully"} 
9:20:23 {"code":"GM","info":"read successfully"} 
9:20:23 {"code":"GM","info":"read successfully"} 
9:20:23 {"code":"GM","info":"read successfully"} 
9:20:23 {"code":"GM","info":"read successfully"} 
9:20:23 {"code":"GM","info":"read successfully"} 
9:20:23 {"code":"GM","info":"read successfully"} 
9:20:23 {"code":"GM","info":"read successfully"} 
9:20:23 {"code":"GM","info":"read successfully"} 
9:20:23 {"code":"GM","info":"read successfully"} 
9:20:23 {"code":"GM","info":"read successfully"} 
9:20:23 {"code":"GM","info":"read successfully"} 
9:20:23 {"code":"GM","info":"read successfully"} 
9:20:23 {"code":"GM","info":"reset password successfully"} 
9:20:23 {"code":"GM","info":"read successfully"} 
9:20:23 {"code":"GM","info":"read successfully"} 
9:20:23 {"code":"GM","info":"read successfully"} 
9:20:23 {"code":"GM","info":"read successfully"} 
9:20:23 {"code":"GM","info":"reset password successfully"} 
9:20:23 {"code":"GM","info":"read successfully"} 
9:20:23 {"code":"GM","info":"read successfully"} 
9:20:23 {"code":"GM","info":"read successfully"} 
9:20:23 {"code":"GM","info":"read successfully"} 
9:20:23 {"code":"GM","info":"read successfully"} 
9:20:23 {"code":"GM","info":"read successfully"} 
9:20:23 {"code":"GM","info":"read successfully"} 
9:20:23 {"code":"GM","info":"create successfully"} 
9:20:23 {"code":"GM","info":"read successfully"} 
9:20:23 {"code":"GM","info":"read successfully"} 
9:20:23 {"code":"GM","info":"read successfully"} 
9:20:23 {"code":"GM","info":"read successfully"} 
9:20:23 {"code":"GM","info":"read successfully"} 
9:20:23 {"code":"GM","info":"read successfully"} 
9:20:23 {"code":"GM","info":"read successfully"} 
9:20:23 {"code":"GM","info":"read successfully"} 
9:20:23 {"code":"GM","info":"read successfully"} 
9:20:23 {"code":"GM","info":"read successfully"} 
9:20:23 {"code":"GM","info":"read successfully"} 
9:20:23 {"code":"GM","info":"read successfully"} 
9:20:23 {"code":"GM","info":"read successfully"} 
9:20:23 {"code":"GM","info":"read successfully"} 
9:20:23 {"code":"GM","info":"read successfully"} 
9:20:23 {"code":"GM","info":"read successfully"} 
9:20:23 {"code":"GM","info":"read successfully"} 
9:20:23 {"code":"GM","info":"read successfully"} 
9:20:23 {"code":"GM","info":"read successfully"} 
9:20:23 {"code":"GM","info":"read successfully"} 
9:20:23 {"code":"GM","info":"read successfully"} 
9:20:23 {"code":"GM","info":"read successfully"} 
9:20:23 {"code":"GM","info":"read successfully"} 
9:20:23 {"code":"GM","info":"read successfully"} 
9:20:23 {"code":"GM","info":"read successfully"} 
9:20:23 {"code":"GM","info":"read successfully"} 
9:20:23 {"code":"GM","info":"read successfully"} 
9:20:23 {"code":"GM","info":"read successfully"} 
9:20:23 {"code":"GM","info":"disable account successfully"} 
9:20:23 {"code":"GM","info":"read successfully"} 
9:20:23 {"code":"GM","info":"disable account successfully"} 
9:20:23 {"code":"GM","info":"read successfully"} 
9:20:23 {"code":"GM","info":"read successfully"} 
9:20:23 {"code":"GM","info":"read successfully"} 
9:20:23 {"code":"GM","info":"read successfully"} 
9:20:23 {"code":"GM","info":"read successfully"} 
9:20:23 {"code":"GM","info":"read successfully"} 
9:20:23 {"code":"GM","info":"read successfully"} 
9:20:23 {"code":"GM","info":"read successfully"} 
9:20:23 {"code":"GM","info":"read successfully"} 
9:20:23 {"code":"GM","info":"read successfully"} 
9:20:23 {"code":"GM","info":"read successfully"} 
9:20:23 {"code":"GM","info":"read successfully"} 
9:20:23 {"code":"GM","info":"read successfully"} 
9:20:23 {"code":"GM","info":"read successfully"} 
9:20:23 {"code":"GM","info":"reset password successfully"} 
9:20:23 {"code":"GM","info":"disable account successfully"} 
9:20:23 {"code":"GM","info":"read successfully"} 
9:20:23 {"code":"GM","info":"read successfully"} 
9:20:23 {"code":"GM","info":"read successfully"} 
9:20:23 {"code":"GM","info":"read successfully"} 
9:20:23 {"code":"GM","info":"read successfully"} 
9:20:23 {"code":"GM","info":"read successfully"} 
9:20:23 {"code":"GM","info":"read successfully"} 
9:20:23 {"code":"GM","info":"read successfully"} 
9:20:23 {"code":"GM","info":"read successfully"} 
9:20:23 {"code":"GM","info":"read successfully"} 
9:20:23 {"code":"GM","info":"read successfully"} 
9:20:23 {"code":"GM","info":"read successfully"} 
9:20:23 {"code":"GM","info":"read successfully"} 
9:20:23 {"code":"GM","info":"read successfully"} 
9:20:23 {"code":"GM","info":"read successfully"} 
9:20:23 {"code":"GM","info":"read successfully"} 
9:20:23 {"code":"GM","info":"read successfully"} 
9:20:23 {"code":"GM","info":"read successfully"} 
9:20:23 {"code":"GM","info":"read successfully"} 
9:20:23 {"code":"GM","info":"read successfully"} 
9:20:23 {"code":"GM","info":"read successfully"} 
9:20:23 {"code":"GM","info":"read successfully"} 
9:20:23 {"code":"GM","info":"read successfully"} 
9:20:23 {"code":"GM","info":"read successfully"} 
9:20:23 {"code":"GM","info":"read successfully"} 
9:20:23 {"code":"GM","info":"read successfully"} 
9:20:23 {"code":"GM","info":"read successfully"} 
9:20:23 {"code":"GM","info":"read successfully"} 
9:20:23 {"code":"GM","info":"read successfully"} 
9:20:23 {"code":"GM","info":"read successfully"} 
9:20:23 {"code":"GM","info":"read successfully"} 
9:20:23 {"code":"GM","info":"read successfully"} 
9:20:23 {"code":"GM","info":"read successfully"} 
9:20:23 {"code":"GM","info":"read successfully"} 
9:20:23 {"code":"GM","info":"read successfully"} 
9:20:23 {"code":"GM","info":"read successfully"} 
9:20:23 {"code":"GM","info":"read successfully"} 
9:20:23 {"code":"GM","info":"read successfully"} 
9:20:23 {"code":"GM","info":"read successfully"} 
9:20:23 {"code":"GM","info":"read successfully"} 
9:20:23 {"code":"GM","info":"read successfully"} 
9:20:23 {"code":"GM","info":"read successfully"} 
9:20:23 {"code":"GM","info":"read successfully"} 
9:20:23 {"code":"GM","info":"read successfully"} 
9:20:23 {"code":"GM","info":"read successfully"} 
9:20:23 {"code":"GM","info":"read successfully"} 
9:20:23 {"code":"GM","info":"read successfully"} 
9:20:23 {"code":"GM","info":"read successfully"} 
9:20:23 {"code":"GM","info":"read successfully"} 
9:20:23 {"code":"GM","info":"read successfully"} 
9:20:23 {"code":"GM","info":"read successfully"} 
9:20:23 {"code":"GM","info":"read successfully"} 
9:20:23 {"code":"GM","info":"read successfully"} 
9:20:23 {"code":"GM","info":"read successfully"} 
9:20:23 {"code":"GM","info":"read successfully"} 
9:20:23 {"code":"GM","info":"read successfully"} 
9:20:23 {"code":"GM","info":"read successfully"} 
9:20:23 {"code":"GM","info":"read successfully"} 
9:20:23 {"code":"GM","info":"read successfully"} 
9:20:23 {"code":"GM","info":"read successfully"} 
9:20:23 {"code":"GM","info":"read successfully"} 
9:20:23 {"code":"GM","info":"read successfully"} 
9:20:23 {"code":"GM","info":"read successfully"} 
9:20:23 {"code":"GM","info":"read successfully"} 
9:20:23 {"code":"GM","info":"read successfully"} 
9:20:23 {"code":"GM","info":"read successfully"} 
9:20:23 {"code":"GM","info":"read successfully"} 
9:20:23 {"code":"GM","info":"read successfully"} 
9:20:23 {"code":"GM","info":"read successfully"} 
9:20:23 {"code":"GM","info":"read successfully"} 
9:20:23 {"code":"GM","info":"read successfully"} 
9:20:23 {"code":"GM","info":"read successfully"} 
9:20:23 {"code":"GM","info":"read successfully"} 
9:20:23 {"code":"GM","info":"read successfully"} 
9:20:23 {"code":"GM","info":"read successfully"} 
9:20:23 {"code":"GM","info":"read successfully"} 
9:20:23 {"code":"GM","info":"read successfully"} 
9:20:23 {"code":"GM","info":"read successfully"} 
9:20:23 {"code":"GM","info":"read successfully"} 
9:20:23 {"code":"GM","info":"read successfully"} 
9:20:23 {"code":"GM","info":"read successfully"} 
9:20:23 {"code":"GM","info":"read successfully"} 
9:20:23 {"code":"GM","info":"read successfully"} 
9:20:23 {"code":"GM","info":"read successfully"} 
9:20:23 {"code":"GM","info":"read successfully"} 
9:20:23 {"code":"GM","info":"read successfully"} 
9:20:23 {"code":"GM","info":"read successfully"} 
9:20:23 {"code":"GM","info":"read successfully"} 
9:20:23 {"code":"GM","info":"read successfully"} 
9:20:23 {"code":"GM","info":"read successfully"} 
9:20:23 {"code":"GM","info":"read successfully"} 
9:20:23 {"code":"GM","info":"read successfully"} 
9:20:23 {"code":"GM","info":"read successfully"} 
9:20:23 {"code":"GM","info":"read successfully"} 
9:20:23 {"code":"GM","info":"read successfully"} 
9:20:23 {"code":"GM","info":"read successfully"} 
9:20:23 {"code":"GM","info":"read successfully"} 
9:20:23 {"code":"GM","info":"read successfully"} 
9:20:23 {"code":"GM","info":"read successfully"} 
9:20:23 {"code":"GM","info":"read successfully"} 
9:20:23 {"code":"GM","info":"read successfully"} 
9:20:23 {"code":"GM","info":"read successfully"} 
9:20:23 {"code":"GM","info":"read successfully"} 
9:20:23 {"code":"GM","info":"read successfully"} 
9:20:23 {"code":"GM","info":"read successfully"} 
9:20:23 {"code":"GM","info":"read successfully"} 
9:20:23 {"code":"GM","info":"read successfully"} 
9:20:23 {"code":"GM","info":"read successfully"} 
9:20:23 {"code":"GM","info":"read successfully"} 
9:20:23 {"code":"GM","info":"read successfully"} 
9:20:23 {"code":"GM","info":"read successfully"} 
9:20:23 {"code":"GM","info":"read successfully"} 
9:20:23 {"code":"GM","info":"read successfully"} 
9:20:23 {"code":"GM","info":"read successfully"} 
9:20:23 {"code":"GM","info":"read successfully"} 
9:20:23 {"code":"GM","info":"read successfully"} 
9:20:23 {"code":"GM","info":"read successfully"} 
9:20:23 {"code":"GM","info":"read successfully"} 
9:20:23 {"code":"GM","info":"read successfully"} 
9:20:23 {"code":"GM","info":"read successfully"} 
9:20:23 {"code":"GM","info":"read successfully"} 
9:20:23 {"code":"GM","info":"read successfully"} 
9:20:23 {"code":"GM","info":"read successfully"} 
9:20:23 {"code":"GM","info":"read successfully"} 
9:20:23 {"code":"GM","info":"read successfully"} 
9:20:23 {"code":"GM","info":"read successfully"} 
9:20:23 {"code":"GM","info":"read successfully"} 
13:22:20 {"code":"GM","info":"read successfully"} 
14:16:37 {"code":"GM","info":"read successfully"} 
14:16:37 {"code":"GM","info":"read successfully"} 
14:16:37 {"code":"GM","info":"read successfully"} 
14:16:37 {"code":"GM","info":"read successfully"} 
14:16:37 {"code":"GM","info":"read successfully"} 
14:16:37 {"code":"GM","info":"read successfully"} 
14:16:37 {"code":"GM","info":"read successfully"} 
14:16:37 {"code":"GM","info":"read successfully"} 
14:16:37 {"code":"GM","info":"read successfully"} 
15:32:56 {"code":"GM","info":"read successfully"} 
15:32:56 {"code":"GM","info":"disable account successfully"} 
15:32:56 {"code":"GM","info":"read successfully"} 
15:32:56 {"code":"GM","info":"read successfully"} 
15:32:56 {"code":"GM","info":"read successfully"} 
15:32:56 {"code":"GM","info":"read successfully"} 
15:32:56 {"code":"GM","info":"read successfully"} 
15:32:56 {"code":"GM","info":"reset password successfully"} 
15:40:1 {"code":"GM","info":"read successfully"} 
15:40:1 {"code":"GM","info":"read successfully"} 
16:23:29 {"code":"GM","info":"read successfully"} 
16:28:36 {"info":"upgrade row successfully"} 
16:42:2 {"info":"upgrade row successfully"} 
16:42:2 {"info":"upgrade row successfully"} 
16:42:2 {"info":"upgrade row successfully"} 
16:42:2 {"info":"upgrade row successfully"} 
16:42:2 {"info":"upgrade row successfully"} 
16:50:14 {"info":"upgrade row successfully"} 
16:50:14 {"info":"upgrade row successfully"} 
16:50:47 {"info":"upgrade row successfully"} 
16:51:29 {"info":"upgrade row successfully"} 
16:51:29 {"info":"upgrade row successfully"} 
16:52:53 {"info":"upgrade row successfully"} 
16:52:53 {"info":"upgrade row successfully"} 
16:53:36 {"info":"upgrade row successfully"} 
16:54:7 {"info":"upgrade row successfully"} 
16:54:7 {"info":"upgrade row successfully"} 
16:54:7 {"info":"upgrade row successfully"} 
16:54:7 {"info":"upgrade row successfully"} 
16:54:7 {"code":"GM","info":"read successfully"} 
16:54:7 {"info":"upgrade row successfully"} 
16:54:7 {"info":"upgrade row successfully"} 
16:54:7 {"code":"GM","info":"read successfully"} 
16:54:7 {"code":"GM","info":"read successfully"} 
16:54:7 {"code":"GM","info":"read successfully"} 
16:54:7 {"info":"upgrade row successfully"} 
16:54:7 {"code":"GM","info":"read successfully"} 
16:54:7 {"info":"upgrade row successfully"} 
16:54:7 {"code":"GM","info":"read successfully"} 
16:54:7 {"info":"upgrade row successfully"} 
16:54:7 {"code":"GM","info":"read successfully"} 
16:54:7 {"info":"upgrade row successfully"} 
16:54:7 {"code":"GM","info":"read successfully"} 
16:54:7 {"info":"upgrade row successfully"} 
16:54:7 {"code":"GM","info":"read successfully"} 
16:54:7 {"code":"GM","info":"read successfully"} 
16:54:7 {"code":"GM","info":"read successfully"} 
16:54:7 {"code":"GM","info":"read successfully"} 
16:54:7 {"code":"GM","info":"read successfully"} 
16:54:7 {"code":"GM","info":"read successfully"} 
16:54:7 {"code":"GM","info":"read successfully"} 
16:54:7 {"code":"GM","info":"read successfully"} 
16:54:7 {"info":"upgrade row successfully"} 
16:54:7 {"code":"GM","info":"read successfully"} 
16:54:7 {"info":"upgrade row successfully"} 
16:54:7 {"code":"GM","info":"read successfully"} 
16:54:7 {"info":"upgrade row successfully"} 
16:54:7 {"code":"GM","info":"read successfully"} 
