13:42:24 {"user":"gm","type":"login unsuccessfully"} 
13:42:24 {"user":"gm","type":"login unsuccessfully"} 
13:42:24 {"user":"dd","type":"login unsuccessfully"} 
13:42:24 {"user":"kongpetht@jcdecaux.com","type":"login unsuccessfully"} 
13:42:24 {"user":"kongpetht@jcdecaux.com","type":"login unsuccessfully"} 
13:42:24 {"user":"kongpetht@jcdecaux.com","type":"login unsuccessfully"} 
13:42:24 {"user":"kongpetht@jcdecaux.com","type":"login unsuccessfully"} 
13:42:24 {"user":"kongpetht@jcdecaux.com","type":"login unsuccessfully"} 
13:42:24 {"user":"kongpetht@jcdecaux.com","type":"login unsuccessfully"} 
13:42:24 {"user":"kongpetht@jcdecaux.com","type":"login unsuccessfully"} 
13:42:24 {"user":"gm","type":"login unsuccessfully"} 
14:7:13 {"user":"gm","type":"login unsuccessfully"} 
14:32:48 {"user":"gm","type":"login successfully"} 
15:33:28 {"user":"kongpetht@jcdecaux.com","type":"login successfully"} 
15:33:28 {"user":"kongpetht@jcdecaux.com","type":"login successfully"} 
15:33:28 {"user":"kongpetht@jcdecaux.com","type":"login successfully"} 
15:33:28 {"user":"kongpetht@jcdecaux.com","type":"login successfully"} 
15:33:28 {"user":"kongpetht@jcdecaux.coM","type":"login successfully"} 
15:33:28 {"user":"kongpetht@jcdecaux.com","type":"login successfully"} 
22:9:25 {"user":"kongpetht@jcdecaux.com","type":"login successfully"} 
22:9:25 {"user":"kongpetht@jcdecaux.com","type":"login successfully"} 
